<?xml version="1.0" encoding="UTF-8"?>
<testsuite xmlns:xsi="http://www.w3.org/2001/XMLSchema-instance" xsi:noNamespaceSchemaLocation="https://maven.apache.org/surefire/maven-surefire-plugin/xsd/surefire-test-report.xsd" version="3.0.2" name="br.com.pix.wallet.infrastructure.api.WalletControllerTest" time="0.467" tests="4" errors="0" skipped="0" failures="0">
  <properties>
[...]
</properties>
  <testcase name="shouldCreateWallet" classname="br.com.pix.wallet.infrastructure.api.WalletControllerTest" time="0.08">
    <system-out><![CDATA[2026-01-16T11:12:57.877-03:00  INFO 90689 --- [           main] t.c.s.AnnotationConfigContextLoaderUtils : Could not detect default configuration classes for test class [br.com.pix.wallet.infrastructure.api.WalletControllerTest]: WalletControllerTest does not declare any static, non-private, non-final, nested classes annotated with @Configuration.
2026-01-16T11:12:57.909-03:00  INFO 90689 --- [           main] .b.t.c.SpringBootTestContextBootstrapper : Found @SpringBootConfiguration br.com.pix.wallet.PixApplication for test class br.com.pix.wallet.infrastructure.api.WalletControllerTest

  .   ____          _            __ _ _
 /\\ / ___'_ __ _ _(_)_ __  __ _ \ \ \ \
( ( )\___ | '_ | '_| | '_ \/ _` | \ \ \ \
 \\/  ___)| |_)| | | | | || (_| |  ) ) ) )
  '  |____| .__|_| |_|_| |_\__, | / / / /
 =========|_|==============|___/=/_/_/_/

 :: Spring Boot ::                (v4.0.1)

2026-01-16T11:12:57.941-03:00  INFO 90689 --- [           main] b.c.p.w.i.api.WalletControllerTest       : Starting WalletControllerTest using Java 21 with PID 90689 (started by michelalvesdasilva in /Users/michelalvesdasilva/Documents/Desenvolvimento/repo/pix)
2026-01-16T11:12:57.941-03:00  INFO 90689 --- [           main] b.c.p.w.i.api.WalletControllerTest       : No active profile set, falling back to 1 default profile: "default"
2026-01-16T11:12:58.198-03:00  INFO 90689 --- [           main] o.s.b.t.m.w.SpringBootMockServletContext : Initializing Spring TestDispatcherServlet ''
2026-01-16T11:12:58.199-03:00  INFO 90689 --- [           main] o.s.t.web.servlet.TestDispatcherServlet  : Initializing Servlet ''
2026-01-16T11:12:58.200-03:00  INFO 90689 --- [           main] o.s.t.web.servlet.TestDispatcherServlet  : Completed initialization in 0 ms
2026-01-16T11:12:58.210-03:00  INFO 90689 --- [           main] b.c.p.w.i.api.WalletControllerTest       : Started WalletControllerTest in 0.294 seconds (process running for 5.75)
]]></system-out>
  </testcase>
  <testcase name="shouldHandleInsufficientBalance" classname="br.com.pix.wallet.infrastructure.api.WalletControllerTest" time="0.031"/>
  <testcase name="shouldHandleWalletNotFound" classname="br.com.pix.wallet.infrastructure.api.WalletControllerTest" time="0.005"/>
  <testcase name="shouldDeposit" classname="br.com.pix.wallet.infrastructure.api.WalletControllerTest" time="0.004"/>
</testsuite>